<?xml version="1.0" encoding="UTF-8"?>
<coverage generated="1741407622561" clover="3.2.0">
  <project timestamp="1741407622561" name="All files">
    <metrics statements="1178" coveredstatements="867" conditionals="36" coveredconditionals="22" methods="18" coveredmethods="9" elements="1232" coveredelements="898" complexity="0" loc="1178" ncloc="1178" packages="1" files="5" classes="5"/>
    <file name="eventManagement.js" path="/Users/dylan/Documents/GitHub/software-design-project/src/pages/eventManagement.js">
      <metrics statements="122" coveredstatements="61" conditionals="2" coveredconditionals="1" methods="3" coveredmethods="1"/>
      <line num="1" count="1" type="stmt"/>
      <line num="2" count="1" type="stmt"/>
      <line num="3" count="1" type="stmt"/>
      <line num="4" count="1" type="cond" truecount="1" falsecount="0"/>
      <line num="5" count="5" type="stmt"/>
      <line num="6" count="5" type="stmt"/>
      <line num="7" count="5" type="stmt"/>
      <line num="8" count="5" type="stmt"/>
      <line num="9" count="5" type="stmt"/>
      <line num="10" count="5" type="stmt"/>
      <line num="11" count="5" type="stmt"/>
      <line num="12" count="5" type="stmt"/>
      <line num="13" count="5" type="stmt"/>
      <line num="14" count="5" type="stmt"/>
      <line num="15" count="5" type="stmt"/>
      <line num="16" count="5" type="stmt"/>
      <line num="17" count="5" type="stmt"/>
      <line num="18" count="5" type="stmt"/>
      <line num="19" count="5" type="stmt"/>
      <line num="20" count="5" type="stmt"/>
      <line num="21" count="0" type="stmt"/>
      <line num="22" count="0" type="stmt"/>
      <line num="23" count="0" type="stmt"/>
      <line num="24" count="0" type="stmt"/>
      <line num="25" count="0" type="stmt"/>
      <line num="26" count="0" type="stmt"/>
      <line num="27" count="5" type="stmt"/>
      <line num="28" count="5" type="stmt"/>
      <line num="29" count="0" type="stmt"/>
      <line num="30" count="0" type="stmt"/>
      <line num="31" count="0" type="stmt"/>
      <line num="32" count="0" type="stmt"/>
      <line num="33" count="0" type="stmt"/>
      <line num="34" count="0" type="stmt"/>
      <line num="35" count="0" type="stmt"/>
      <line num="36" count="0" type="stmt"/>
      <line num="37" count="0" type="stmt"/>
      <line num="38" count="0" type="stmt"/>
      <line num="39" count="0" type="stmt"/>
      <line num="40" count="0" type="stmt"/>
      <line num="41" count="0" type="stmt"/>
      <line num="42" count="0" type="stmt"/>
      <line num="43" count="0" type="stmt"/>
      <line num="44" count="0" type="stmt"/>
      <line num="45" count="0" type="stmt"/>
      <line num="46" count="0" type="stmt"/>
      <line num="47" count="0" type="stmt"/>
      <line num="48" count="0" type="stmt"/>
      <line num="49" count="0" type="stmt"/>
      <line num="50" count="0" type="stmt"/>
      <line num="51" count="0" type="stmt"/>
      <line num="52" count="0" type="stmt"/>
      <line num="53" count="0" type="stmt"/>
      <line num="54" count="0" type="stmt"/>
      <line num="55" count="0" type="stmt"/>
      <line num="56" count="0" type="stmt"/>
      <line num="57" count="0" type="stmt"/>
      <line num="58" count="0" type="stmt"/>
      <line num="59" count="0" type="stmt"/>
      <line num="60" count="0" type="stmt"/>
      <line num="61" count="0" type="stmt"/>
      <line num="62" count="0" type="stmt"/>
      <line num="63" count="0" type="stmt"/>
      <line num="64" count="0" type="stmt"/>
      <line num="65" count="0" type="stmt"/>
      <line num="66" count="0" type="stmt"/>
      <line num="67" count="0" type="stmt"/>
      <line num="68" count="0" type="stmt"/>
      <line num="69" count="0" type="stmt"/>
      <line num="70" count="0" type="stmt"/>
      <line num="71" count="0" type="stmt"/>
      <line num="72" count="0" type="stmt"/>
      <line num="73" count="0" type="stmt"/>
      <line num="74" count="0" type="stmt"/>
      <line num="75" count="0" type="stmt"/>
      <line num="76" count="0" type="stmt"/>
      <line num="77" count="0" type="stmt"/>
      <line num="78" count="0" type="stmt"/>
      <line num="79" count="0" type="stmt"/>
      <line num="80" count="0" type="stmt"/>
      <line num="81" count="0" type="stmt"/>
      <line num="82" count="0" type="stmt"/>
      <line num="83" count="0" type="stmt"/>
      <line num="84" count="5" type="stmt"/>
      <line num="85" count="5" type="stmt"/>
      <line num="86" count="5" type="stmt"/>
      <line num="87" count="5" type="stmt"/>
      <line num="88" count="5" type="stmt"/>
      <line num="89" count="5" type="stmt"/>
      <line num="90" count="5" type="stmt"/>
      <line num="91" count="5" type="stmt"/>
      <line num="92" count="5" type="stmt"/>
      <line num="93" count="5" type="stmt"/>
      <line num="94" count="5" type="stmt"/>
      <line num="95" count="5" type="stmt"/>
      <line num="96" count="5" type="stmt"/>
      <line num="97" count="5" type="stmt"/>
      <line num="98" count="5" type="stmt"/>
      <line num="99" count="5" type="stmt"/>
      <line num="100" count="5" type="stmt"/>
      <line num="101" count="5" type="stmt"/>
      <line num="102" count="5" type="stmt"/>
      <line num="103" count="5" type="stmt"/>
      <line num="104" count="5" type="stmt"/>
      <line num="105" count="5" type="stmt"/>
      <line num="106" count="5" type="stmt"/>
      <line num="107" count="5" type="stmt"/>
      <line num="108" count="5" type="stmt"/>
      <line num="109" count="5" type="stmt"/>
      <line num="110" count="5" type="stmt"/>
      <line num="111" count="5" type="stmt"/>
      <line num="112" count="5" type="stmt"/>
      <line num="113" count="5" type="stmt"/>
      <line num="114" count="5" type="stmt"/>
      <line num="115" count="5" type="stmt"/>
      <line num="116" count="5" type="stmt"/>
      <line num="117" count="5" type="cond" truecount="0" falsecount="1"/>
      <line num="118" count="5" type="stmt"/>
      <line num="119" count="5" type="stmt"/>
      <line num="120" count="5" type="stmt"/>
      <line num="121" count="5" type="stmt"/>
      <line num="122" count="5" type="stmt"/>
    </file>
    <file name="login.tsx" path="/Users/dylan/Documents/GitHub/software-design-project/src/pages/login.tsx">
      <metrics statements="157" coveredstatements="124" conditionals="1" coveredconditionals="1" methods="4" coveredmethods="1"/>
      <line num="1" count="1" type="stmt"/>
      <line num="2" count="1" type="stmt"/>
      <line num="3" count="1" type="stmt"/>
      <line num="4" count="1" type="cond" truecount="1" falsecount="0"/>
      <line num="5" count="4" type="stmt"/>
      <line num="6" count="4" type="stmt"/>
      <line num="7" count="4" type="stmt"/>
      <line num="8" count="4" type="stmt"/>
      <line num="9" count="4" type="stmt"/>
      <line num="10" count="4" type="stmt"/>
      <line num="11" count="4" type="stmt"/>
      <line num="12" count="4" type="stmt"/>
      <line num="13" count="4" type="stmt"/>
      <line num="14" count="4" type="stmt"/>
      <line num="15" count="4" type="stmt"/>
      <line num="16" count="4" type="stmt"/>
      <line num="17" count="0" type="stmt"/>
      <line num="18" count="0" type="stmt"/>
      <line num="19" count="0" type="stmt"/>
      <line num="20" count="0" type="stmt"/>
      <line num="21" count="0" type="stmt"/>
      <line num="22" count="0" type="stmt"/>
      <line num="23" count="0" type="stmt"/>
      <line num="24" count="0" type="stmt"/>
      <line num="25" count="0" type="stmt"/>
      <line num="26" count="0" type="stmt"/>
      <line num="27" count="0" type="stmt"/>
      <line num="28" count="0" type="stmt"/>
      <line num="29" count="0" type="stmt"/>
      <line num="30" count="0" type="stmt"/>
      <line num="31" count="0" type="stmt"/>
      <line num="32" count="0" type="stmt"/>
      <line num="33" count="0" type="stmt"/>
      <line num="34" count="0" type="stmt"/>
      <line num="35" count="0" type="stmt"/>
      <line num="36" count="0" type="stmt"/>
      <line num="37" count="0" type="stmt"/>
      <line num="38" count="0" type="stmt"/>
      <line num="39" count="0" type="stmt"/>
      <line num="40" count="0" type="stmt"/>
      <line num="41" count="0" type="stmt"/>
      <line num="42" count="0" type="stmt"/>
      <line num="43" count="0" type="stmt"/>
      <line num="44" count="0" type="stmt"/>
      <line num="45" count="0" type="stmt"/>
      <line num="46" count="0" type="stmt"/>
      <line num="47" count="0" type="stmt"/>
      <line num="48" count="0" type="stmt"/>
      <line num="49" count="0" type="stmt"/>
      <line num="50" count="4" type="stmt"/>
      <line num="51" count="4" type="stmt"/>
      <line num="52" count="4" type="stmt"/>
      <line num="53" count="4" type="stmt"/>
      <line num="54" count="4" type="stmt"/>
      <line num="55" count="4" type="stmt"/>
      <line num="56" count="4" type="stmt"/>
      <line num="57" count="4" type="stmt"/>
      <line num="58" count="4" type="stmt"/>
      <line num="59" count="4" type="stmt"/>
      <line num="60" count="4" type="stmt"/>
      <line num="61" count="4" type="stmt"/>
      <line num="62" count="4" type="stmt"/>
      <line num="63" count="4" type="stmt"/>
      <line num="64" count="4" type="stmt"/>
      <line num="65" count="4" type="stmt"/>
      <line num="66" count="4" type="stmt"/>
      <line num="67" count="4" type="stmt"/>
      <line num="68" count="4" type="stmt"/>
      <line num="69" count="4" type="stmt"/>
      <line num="70" count="4" type="stmt"/>
      <line num="71" count="4" type="stmt"/>
      <line num="72" count="4" type="stmt"/>
      <line num="73" count="4" type="stmt"/>
      <line num="74" count="4" type="stmt"/>
      <line num="75" count="4" type="stmt"/>
      <line num="76" count="4" type="stmt"/>
      <line num="77" count="4" type="stmt"/>
      <line num="78" count="4" type="stmt"/>
      <line num="79" count="4" type="stmt"/>
      <line num="80" count="4" type="stmt"/>
      <line num="81" count="4" type="stmt"/>
      <line num="82" count="4" type="stmt"/>
      <line num="83" count="4" type="stmt"/>
      <line num="84" count="4" type="stmt"/>
      <line num="85" count="4" type="stmt"/>
      <line num="86" count="4" type="stmt"/>
      <line num="87" count="4" type="stmt"/>
      <line num="88" count="4" type="stmt"/>
      <line num="89" count="4" type="stmt"/>
      <line num="90" count="4" type="stmt"/>
      <line num="91" count="4" type="stmt"/>
      <line num="92" count="4" type="stmt"/>
      <line num="93" count="4" type="stmt"/>
      <line num="94" count="4" type="stmt"/>
      <line num="95" count="4" type="stmt"/>
      <line num="96" count="4" type="stmt"/>
      <line num="97" count="4" type="stmt"/>
      <line num="98" count="4" type="stmt"/>
      <line num="99" count="4" type="stmt"/>
      <line num="100" count="4" type="stmt"/>
      <line num="101" count="4" type="stmt"/>
      <line num="102" count="4" type="stmt"/>
      <line num="103" count="4" type="stmt"/>
      <line num="104" count="4" type="stmt"/>
      <line num="105" count="4" type="stmt"/>
      <line num="106" count="4" type="stmt"/>
      <line num="107" count="4" type="stmt"/>
      <line num="108" count="4" type="stmt"/>
      <line num="109" count="4" type="stmt"/>
      <line num="110" count="4" type="stmt"/>
      <line num="111" count="4" type="stmt"/>
      <line num="112" count="4" type="stmt"/>
      <line num="113" count="4" type="stmt"/>
      <line num="114" count="4" type="stmt"/>
      <line num="115" count="4" type="stmt"/>
      <line num="116" count="4" type="stmt"/>
      <line num="117" count="4" type="stmt"/>
      <line num="118" count="4" type="stmt"/>
      <line num="119" count="4" type="stmt"/>
      <line num="120" count="4" type="stmt"/>
      <line num="121" count="4" type="stmt"/>
      <line num="122" count="4" type="stmt"/>
      <line num="123" count="4" type="stmt"/>
      <line num="124" count="4" type="stmt"/>
      <line num="125" count="4" type="stmt"/>
      <line num="126" count="4" type="stmt"/>
      <line num="127" count="4" type="stmt"/>
      <line num="128" count="4" type="stmt"/>
      <line num="129" count="4" type="stmt"/>
      <line num="130" count="4" type="stmt"/>
      <line num="131" count="4" type="stmt"/>
      <line num="132" count="4" type="stmt"/>
      <line num="133" count="4" type="stmt"/>
      <line num="134" count="4" type="stmt"/>
      <line num="135" count="4" type="stmt"/>
      <line num="136" count="4" type="stmt"/>
      <line num="137" count="4" type="stmt"/>
      <line num="138" count="4" type="stmt"/>
      <line num="139" count="4" type="stmt"/>
      <line num="140" count="4" type="stmt"/>
      <line num="141" count="4" type="stmt"/>
      <line num="142" count="4" type="stmt"/>
      <line num="143" count="4" type="stmt"/>
      <line num="144" count="4" type="stmt"/>
      <line num="145" count="4" type="stmt"/>
      <line num="146" count="4" type="stmt"/>
      <line num="147" count="4" type="stmt"/>
      <line num="148" count="4" type="stmt"/>
      <line num="149" count="4" type="stmt"/>
      <line num="150" count="4" type="stmt"/>
      <line num="151" count="4" type="stmt"/>
      <line num="152" count="4" type="stmt"/>
      <line num="153" count="4" type="stmt"/>
      <line num="154" count="4" type="stmt"/>
      <line num="155" count="4" type="stmt"/>
      <line num="156" count="1" type="stmt"/>
      <line num="157" count="1" type="stmt"/>
    </file>
    <file name="profileManagement.js" path="/Users/dylan/Documents/GitHub/software-design-project/src/pages/profileManagement.js">
      <metrics statements="174" coveredstatements="169" conditionals="16" coveredconditionals="6" methods="3" coveredmethods="3"/>
      <line num="1" count="1" type="stmt"/>
      <line num="2" count="1" type="stmt"/>
      <line num="3" count="1" type="stmt"/>
      <line num="4" count="1" type="cond" truecount="1" falsecount="0"/>
      <line num="5" count="26" type="stmt"/>
      <line num="6" count="26" type="stmt"/>
      <line num="7" count="26" type="stmt"/>
      <line num="8" count="26" type="stmt"/>
      <line num="9" count="26" type="stmt"/>
      <line num="10" count="26" type="stmt"/>
      <line num="11" count="26" type="stmt"/>
      <line num="12" count="26" type="stmt"/>
      <line num="13" count="26" type="stmt"/>
      <line num="14" count="26" type="stmt"/>
      <line num="15" count="26" type="stmt"/>
      <line num="16" count="26" type="stmt"/>
      <line num="17" count="26" type="stmt"/>
      <line num="18" count="26" type="cond" truecount="1" falsecount="0"/>
      <line num="19" count="21" type="stmt"/>
      <line num="20" count="21" type="stmt"/>
      <line num="21" count="21" type="cond" truecount="0" falsecount="1"/>
      <line num="22" count="0" type="stmt"/>
      <line num="23" count="0" type="stmt"/>
      <line num="24" count="21" type="stmt"/>
      <line num="25" count="26" type="stmt"/>
      <line num="26" count="26" type="cond" truecount="1" falsecount="0"/>
      <line num="27" count="3" type="stmt"/>
      <line num="28" count="3" type="stmt"/>
      <line num="29" count="3" type="stmt"/>
      <line num="30" count="3" type="stmt"/>
      <line num="31" count="3" type="cond" truecount="0" falsecount="1"/>
      <line num="32" count="3" type="cond" truecount="0" falsecount="1"/>
      <line num="33" count="3" type="cond" truecount="0" falsecount="1"/>
      <line num="34" count="3" type="cond" truecount="0" falsecount="1"/>
      <line num="35" count="3" type="cond" truecount="0" falsecount="1"/>
      <line num="36" count="3" type="cond" truecount="0" falsecount="1"/>
      <line num="37" count="3" type="cond" truecount="0" falsecount="1"/>
      <line num="38" count="3" type="stmt"/>
      <line num="39" count="3" type="cond" truecount="0" falsecount="1"/>
      <line num="40" count="0" type="stmt"/>
      <line num="41" count="0" type="stmt"/>
      <line num="42" count="0" type="stmt"/>
      <line num="43" count="3" type="stmt"/>
      <line num="44" count="3" type="stmt"/>
      <line num="45" count="3" type="stmt"/>
      <line num="46" count="3" type="stmt"/>
      <line num="47" count="3" type="stmt"/>
      <line num="48" count="3" type="stmt"/>
      <line num="49" count="3" type="stmt"/>
      <line num="50" count="3" type="stmt"/>
      <line num="51" count="3" type="stmt"/>
      <line num="52" count="3" type="stmt"/>
      <line num="53" count="3" type="cond" truecount="1" falsecount="0"/>
      <line num="54" count="2" type="stmt"/>
      <line num="55" count="2" type="stmt"/>
      <line num="56" count="2" type="stmt"/>
      <line num="57" count="3" type="cond" truecount="1" falsecount="0"/>
      <line num="58" count="1" type="stmt"/>
      <line num="59" count="1" type="stmt"/>
      <line num="60" count="1" type="stmt"/>
      <line num="61" count="1" type="cond" truecount="0" falsecount="1"/>
      <line num="62" count="1" type="stmt"/>
      <line num="63" count="3" type="cond" truecount="1" falsecount="0"/>
      <line num="64" count="1" type="stmt"/>
      <line num="65" count="1" type="stmt"/>
      <line num="66" count="1" type="stmt"/>
      <line num="67" count="3" type="stmt"/>
      <line num="68" count="26" type="stmt"/>
      <line num="69" count="26" type="stmt"/>
      <line num="70" count="26" type="stmt"/>
      <line num="71" count="26" type="stmt"/>
      <line num="72" count="26" type="stmt"/>
      <line num="73" count="26" type="stmt"/>
      <line num="74" count="26" type="stmt"/>
      <line num="75" count="26" type="stmt"/>
      <line num="76" count="26" type="stmt"/>
      <line num="77" count="26" type="stmt"/>
      <line num="78" count="26" type="stmt"/>
      <line num="79" count="26" type="stmt"/>
      <line num="80" count="26" type="stmt"/>
      <line num="81" count="26" type="stmt"/>
      <line num="82" count="26" type="stmt"/>
      <line num="83" count="26" type="stmt"/>
      <line num="84" count="26" type="stmt"/>
      <line num="85" count="26" type="stmt"/>
      <line num="86" count="26" type="stmt"/>
      <line num="87" count="26" type="stmt"/>
      <line num="88" count="26" type="stmt"/>
      <line num="89" count="26" type="stmt"/>
      <line num="90" count="26" type="stmt"/>
      <line num="91" count="26" type="stmt"/>
      <line num="92" count="26" type="stmt"/>
      <line num="93" count="26" type="stmt"/>
      <line num="94" count="26" type="stmt"/>
      <line num="95" count="26" type="stmt"/>
      <line num="96" count="26" type="stmt"/>
      <line num="97" count="26" type="stmt"/>
      <line num="98" count="26" type="stmt"/>
      <line num="99" count="26" type="stmt"/>
      <line num="100" count="26" type="stmt"/>
      <line num="101" count="26" type="stmt"/>
      <line num="102" count="26" type="stmt"/>
      <line num="103" count="26" type="stmt"/>
      <line num="104" count="26" type="stmt"/>
      <line num="105" count="26" type="stmt"/>
      <line num="106" count="26" type="stmt"/>
      <line num="107" count="26" type="stmt"/>
      <line num="108" count="26" type="stmt"/>
      <line num="109" count="26" type="stmt"/>
      <line num="110" count="26" type="stmt"/>
      <line num="111" count="26" type="stmt"/>
      <line num="112" count="26" type="stmt"/>
      <line num="113" count="26" type="stmt"/>
      <line num="114" count="26" type="stmt"/>
      <line num="115" count="26" type="stmt"/>
      <line num="116" count="26" type="stmt"/>
      <line num="117" count="26" type="stmt"/>
      <line num="118" count="26" type="stmt"/>
      <line num="119" count="26" type="stmt"/>
      <line num="120" count="26" type="stmt"/>
      <line num="121" count="26" type="stmt"/>
      <line num="122" count="26" type="stmt"/>
      <line num="123" count="26" type="stmt"/>
      <line num="124" count="26" type="stmt"/>
      <line num="125" count="26" type="stmt"/>
      <line num="126" count="26" type="stmt"/>
      <line num="127" count="26" type="stmt"/>
      <line num="128" count="26" type="stmt"/>
      <line num="129" count="26" type="stmt"/>
      <line num="130" count="26" type="stmt"/>
      <line num="131" count="26" type="stmt"/>
      <line num="132" count="26" type="stmt"/>
      <line num="133" count="26" type="stmt"/>
      <line num="134" count="26" type="stmt"/>
      <line num="135" count="26" type="stmt"/>
      <line num="136" count="26" type="stmt"/>
      <line num="137" count="26" type="stmt"/>
      <line num="138" count="26" type="stmt"/>
      <line num="139" count="26" type="stmt"/>
      <line num="140" count="26" type="stmt"/>
      <line num="141" count="26" type="stmt"/>
      <line num="142" count="26" type="stmt"/>
      <line num="143" count="26" type="stmt"/>
      <line num="144" count="26" type="stmt"/>
      <line num="145" count="26" type="stmt"/>
      <line num="146" count="26" type="stmt"/>
      <line num="147" count="26" type="stmt"/>
      <line num="148" count="26" type="stmt"/>
      <line num="149" count="26" type="stmt"/>
      <line num="150" count="26" type="stmt"/>
      <line num="151" count="26" type="stmt"/>
      <line num="152" count="26" type="stmt"/>
      <line num="153" count="26" type="stmt"/>
      <line num="154" count="26" type="stmt"/>
      <line num="155" count="26" type="stmt"/>
      <line num="156" count="26" type="stmt"/>
      <line num="157" count="26" type="stmt"/>
      <line num="158" count="26" type="stmt"/>
      <line num="159" count="26" type="stmt"/>
      <line num="160" count="26" type="stmt"/>
      <line num="161" count="26" type="stmt"/>
      <line num="162" count="26" type="stmt"/>
      <line num="163" count="26" type="stmt"/>
      <line num="164" count="26" type="stmt"/>
      <line num="165" count="26" type="stmt"/>
      <line num="166" count="26" type="stmt"/>
      <line num="167" count="26" type="stmt"/>
      <line num="168" count="26" type="stmt"/>
      <line num="169" count="26" type="stmt"/>
      <line num="170" count="26" type="stmt"/>
      <line num="171" count="26" type="stmt"/>
      <line num="172" count="26" type="stmt"/>
      <line num="173" count="26" type="stmt"/>
      <line num="174" count="26" type="stmt"/>
    </file>
    <file name="volunteerHistory.tsx" path="/Users/dylan/Documents/GitHub/software-design-project/src/pages/volunteerHistory.tsx">
      <metrics statements="169" coveredstatements="167" conditionals="11" coveredconditionals="10" methods="2" coveredmethods="2"/>
      <line num="1" count="1" type="stmt"/>
      <line num="2" count="1" type="stmt"/>
      <line num="3" count="1" type="stmt"/>
      <line num="4" count="1" type="stmt"/>
      <line num="5" count="1" type="stmt"/>
      <line num="6" count="1" type="stmt"/>
      <line num="7" count="1" type="stmt"/>
      <line num="8" count="1" type="stmt"/>
      <line num="9" count="1" type="stmt"/>
      <line num="10" count="1" type="stmt"/>
      <line num="11" count="1" type="stmt"/>
      <line num="12" count="1" type="stmt"/>
      <line num="13" count="1" type="stmt"/>
      <line num="14" count="1" type="stmt"/>
      <line num="15" count="1" type="stmt"/>
      <line num="16" count="1" type="stmt"/>
      <line num="17" count="1" type="stmt"/>
      <line num="18" count="1" type="stmt"/>
      <line num="19" count="1" type="stmt"/>
      <line num="20" count="1" type="stmt"/>
      <line num="21" count="1" type="stmt"/>
      <line num="22" count="1" type="stmt"/>
      <line num="23" count="1" type="stmt"/>
      <line num="24" count="1" type="stmt"/>
      <line num="25" count="1" type="cond" truecount="1" falsecount="0"/>
      <line num="26" count="7" type="stmt"/>
      <line num="27" count="7" type="stmt"/>
      <line num="28" count="7" type="stmt"/>
      <line num="29" count="7" type="stmt"/>
      <line num="30" count="7" type="stmt"/>
      <line num="31" count="7" type="stmt"/>
      <line num="32" count="7" type="cond" truecount="1" falsecount="0"/>
      <line num="33" count="4" type="cond" truecount="1" falsecount="0"/>
      <line num="34" count="4" type="stmt"/>
      <line num="35" count="4" type="cond" truecount="1" falsecount="0"/>
      <line num="36" count="3" type="cond" truecount="1" falsecount="0"/>
      <line num="37" count="2" type="stmt"/>
      <line num="38" count="2" type="stmt"/>
      <line num="39" count="2" type="stmt"/>
      <line num="40" count="4" type="cond" truecount="0" falsecount="1"/>
      <line num="41" count="0" type="stmt"/>
      <line num="42" count="0" type="stmt"/>
      <line num="43" count="4" type="cond" truecount="1" falsecount="0"/>
      <line num="44" count="2" type="stmt"/>
      <line num="45" count="2" type="stmt"/>
      <line num="46" count="4" type="stmt"/>
      <line num="47" count="4" type="stmt"/>
      <line num="48" count="4" type="stmt"/>
      <line num="49" count="4" type="stmt"/>
      <line num="50" count="4" type="stmt"/>
      <line num="51" count="4" type="stmt"/>
      <line num="52" count="7" type="stmt"/>
      <line num="53" count="7" type="stmt"/>
      <line num="54" count="7" type="stmt"/>
      <line num="55" count="7" type="stmt"/>
      <line num="56" count="7" type="stmt"/>
      <line num="57" count="7" type="stmt"/>
      <line num="58" count="7" type="stmt"/>
      <line num="59" count="7" type="stmt"/>
      <line num="60" count="7" type="stmt"/>
      <line num="61" count="7" type="stmt"/>
      <line num="62" count="7" type="stmt"/>
      <line num="63" count="7" type="stmt"/>
      <line num="64" count="7" type="stmt"/>
      <line num="65" count="7" type="stmt"/>
      <line num="66" count="7" type="stmt"/>
      <line num="67" count="7" type="stmt"/>
      <line num="68" count="7" type="stmt"/>
      <line num="69" count="7" type="stmt"/>
      <line num="70" count="7" type="stmt"/>
      <line num="71" count="7" type="stmt"/>
      <line num="72" count="7" type="stmt"/>
      <line num="73" count="7" type="stmt"/>
      <line num="74" count="7" type="stmt"/>
      <line num="75" count="7" type="stmt"/>
      <line num="76" count="7" type="stmt"/>
      <line num="77" count="7" type="stmt"/>
      <line num="78" count="7" type="stmt"/>
      <line num="79" count="7" type="stmt"/>
      <line num="80" count="7" type="stmt"/>
      <line num="81" count="7" type="stmt"/>
      <line num="82" count="7" type="stmt"/>
      <line num="83" count="7" type="stmt"/>
      <line num="84" count="7" type="stmt"/>
      <line num="85" count="7" type="stmt"/>
      <line num="86" count="7" type="stmt"/>
      <line num="87" count="7" type="stmt"/>
      <line num="88" count="7" type="stmt"/>
      <line num="89" count="7" type="stmt"/>
      <line num="90" count="7" type="stmt"/>
      <line num="91" count="7" type="stmt"/>
      <line num="92" count="7" type="stmt"/>
      <line num="93" count="7" type="stmt"/>
      <line num="94" count="7" type="stmt"/>
      <line num="95" count="7" type="stmt"/>
      <line num="96" count="7" type="stmt"/>
      <line num="97" count="7" type="stmt"/>
      <line num="98" count="7" type="stmt"/>
      <line num="99" count="7" type="stmt"/>
      <line num="100" count="7" type="stmt"/>
      <line num="101" count="7" type="stmt"/>
      <line num="102" count="7" type="stmt"/>
      <line num="103" count="7" type="stmt"/>
      <line num="104" count="7" type="stmt"/>
      <line num="105" count="7" type="stmt"/>
      <line num="106" count="7" type="stmt"/>
      <line num="107" count="7" type="stmt"/>
      <line num="108" count="7" type="stmt"/>
      <line num="109" count="7" type="stmt"/>
      <line num="110" count="7" type="stmt"/>
      <line num="111" count="7" type="stmt"/>
      <line num="112" count="7" type="stmt"/>
      <line num="113" count="7" type="stmt"/>
      <line num="114" count="7" type="stmt"/>
      <line num="115" count="7" type="cond" truecount="1" falsecount="0"/>
      <line num="116" count="4" type="stmt"/>
      <line num="117" count="4" type="stmt"/>
      <line num="118" count="4" type="stmt"/>
      <line num="119" count="4" type="cond" truecount="1" falsecount="0"/>
      <line num="120" count="1" type="stmt"/>
      <line num="121" count="1" type="stmt"/>
      <line num="122" count="1" type="stmt"/>
      <line num="123" count="1" type="stmt"/>
      <line num="124" count="7" type="stmt"/>
      <line num="125" count="7" type="stmt"/>
      <line num="126" count="7" type="stmt"/>
      <line num="127" count="7" type="stmt"/>
      <line num="128" count="7" type="stmt"/>
      <line num="129" count="7" type="stmt"/>
      <line num="130" count="7" type="stmt"/>
      <line num="131" count="7" type="stmt"/>
      <line num="132" count="7" type="stmt"/>
      <line num="133" count="7" type="stmt"/>
      <line num="134" count="7" type="stmt"/>
      <line num="135" count="7" type="stmt"/>
      <line num="136" count="7" type="stmt"/>
      <line num="137" count="7" type="stmt"/>
      <line num="138" count="7" type="cond" truecount="1" falsecount="0"/>
      <line num="139" count="1" type="cond" truecount="1" falsecount="0"/>
      <line num="140" count="7" type="stmt"/>
      <line num="141" count="7" type="stmt"/>
      <line num="142" count="7" type="stmt"/>
      <line num="143" count="7" type="stmt"/>
      <line num="144" count="7" type="stmt"/>
      <line num="145" count="7" type="stmt"/>
      <line num="146" count="7" type="stmt"/>
      <line num="147" count="7" type="stmt"/>
      <line num="148" count="7" type="stmt"/>
      <line num="149" count="7" type="stmt"/>
      <line num="150" count="7" type="stmt"/>
      <line num="151" count="7" type="stmt"/>
      <line num="152" count="7" type="stmt"/>
      <line num="153" count="7" type="stmt"/>
      <line num="154" count="7" type="stmt"/>
      <line num="155" count="7" type="stmt"/>
      <line num="156" count="7" type="stmt"/>
      <line num="157" count="7" type="stmt"/>
      <line num="158" count="7" type="stmt"/>
      <line num="159" count="7" type="stmt"/>
      <line num="160" count="7" type="stmt"/>
      <line num="161" count="7" type="stmt"/>
      <line num="162" count="7" type="stmt"/>
      <line num="163" count="7" type="stmt"/>
      <line num="164" count="7" type="stmt"/>
      <line num="165" count="7" type="stmt"/>
      <line num="166" count="7" type="stmt"/>
      <line num="167" count="7" type="stmt"/>
      <line num="168" count="1" type="stmt"/>
      <line num="169" count="1" type="stmt"/>
    </file>
    <file name="volunteerMatching.tsx" path="/Users/dylan/Documents/GitHub/software-design-project/src/pages/volunteerMatching.tsx">
      <metrics statements="556" coveredstatements="346" conditionals="6" coveredconditionals="4" methods="6" coveredmethods="2"/>
      <line num="1" count="1" type="stmt"/>
      <line num="2" count="1" type="stmt"/>
      <line num="3" count="1" type="stmt"/>
      <line num="4" count="1" type="stmt"/>
      <line num="5" count="1" type="stmt"/>
      <line num="6" count="1" type="stmt"/>
      <line num="7" count="1" type="stmt"/>
      <line num="8" count="1" type="stmt"/>
      <line num="9" count="1" type="stmt"/>
      <line num="10" count="1" type="stmt"/>
      <line num="11" count="1" type="stmt"/>
      <line num="12" count="1" type="stmt"/>
      <line num="13" count="1" type="stmt"/>
      <line num="14" count="1" type="stmt"/>
      <line num="15" count="1" type="stmt"/>
      <line num="16" count="1" type="stmt"/>
      <line num="17" count="1" type="stmt"/>
      <line num="18" count="1" type="stmt"/>
      <line num="19" count="1" type="stmt"/>
      <line num="20" count="1" type="stmt"/>
      <line num="21" count="1" type="stmt"/>
      <line num="22" count="1" type="stmt"/>
      <line num="23" count="1" type="stmt"/>
      <line num="24" count="1" type="stmt"/>
      <line num="25" count="1" type="cond" truecount="1" falsecount="0"/>
      <line num="26" count="8" type="stmt"/>
      <line num="27" count="8" type="stmt"/>
      <line num="28" count="8" type="stmt"/>
      <line num="29" count="8" type="stmt"/>
      <line num="30" count="8" type="stmt"/>
      <line num="31" count="8" type="stmt"/>
      <line num="32" count="8" type="stmt"/>
      <line num="33" count="8" type="stmt"/>
      <line num="34" count="8" type="stmt"/>
      <line num="35" count="8" type="stmt"/>
      <line num="36" count="8" type="stmt"/>
      <line num="37" count="8" type="stmt"/>
      <line num="38" count="8" type="cond" truecount="1" falsecount="0"/>
      <line num="39" count="4" type="cond" truecount="1" falsecount="0"/>
      <line num="40" count="4" type="stmt"/>
      <line num="41" count="4" type="stmt"/>
      <line num="42" count="4" type="cond" truecount="0" falsecount="1"/>
      <line num="43" count="0" type="stmt"/>
      <line num="44" count="0" type="stmt"/>
      <line num="45" count="0" type="stmt"/>
      <line num="46" count="0" type="stmt"/>
      <line num="47" count="0" type="stmt"/>
      <line num="48" count="0" type="stmt"/>
      <line num="49" count="0" type="stmt"/>
      <line num="50" count="0" type="stmt"/>
      <line num="51" count="0" type="stmt"/>
      <line num="52" count="0" type="stmt"/>
      <line num="53" count="0" type="stmt"/>
      <line num="54" count="0" type="stmt"/>
      <line num="55" count="0" type="stmt"/>
      <line num="56" count="0" type="stmt"/>
      <line num="57" count="0" type="stmt"/>
      <line num="58" count="0" type="stmt"/>
      <line num="59" count="0" type="stmt"/>
      <line num="60" count="0" type="stmt"/>
      <line num="61" count="0" type="stmt"/>
      <line num="62" count="0" type="stmt"/>
      <line num="63" count="0" type="stmt"/>
      <line num="64" count="4" type="stmt"/>
      <line num="65" count="4" type="stmt"/>
      <line num="66" count="4" type="stmt"/>
      <line num="67" count="4" type="stmt"/>
      <line num="68" count="4" type="stmt"/>
      <line num="69" count="4" type="stmt"/>
      <line num="70" count="4" type="stmt"/>
      <line num="71" count="4" type="stmt"/>
      <line num="72" count="4" type="stmt"/>
      <line num="73" count="4" type="stmt"/>
      <line num="74" count="4" type="stmt"/>
      <line num="75" count="4" type="stmt"/>
      <line num="76" count="4" type="stmt"/>
      <line num="77" count="4" type="stmt"/>
      <line num="78" count="4" type="stmt"/>
      <line num="79" count="4" type="stmt"/>
      <line num="80" count="4" type="stmt"/>
      <line num="81" count="4" type="stmt"/>
      <line num="82" count="4" type="stmt"/>
      <line num="83" count="4" type="stmt"/>
      <line num="84" count="4" type="stmt"/>
      <line num="85" count="4" type="stmt"/>
      <line num="86" count="8" type="stmt"/>
      <line num="87" count="8" type="stmt"/>
      <line num="88" count="8" type="stmt"/>
      <line num="89" count="8" type="stmt"/>
      <line num="90" count="0" type="stmt"/>
      <line num="91" count="0" type="stmt"/>
      <line num="92" count="0" type="stmt"/>
      <line num="93" count="0" type="stmt"/>
      <line num="94" count="0" type="stmt"/>
      <line num="95" count="0" type="stmt"/>
      <line num="96" count="0" type="stmt"/>
      <line num="97" count="0" type="stmt"/>
      <line num="98" count="0" type="stmt"/>
      <line num="99" count="0" type="stmt"/>
      <line num="100" count="0" type="stmt"/>
      <line num="101" count="0" type="stmt"/>
      <line num="102" count="0" type="stmt"/>
      <line num="103" count="0" type="stmt"/>
      <line num="104" count="0" type="stmt"/>
      <line num="105" count="0" type="stmt"/>
      <line num="106" count="0" type="stmt"/>
      <line num="107" count="0" type="stmt"/>
      <line num="108" count="0" type="stmt"/>
      <line num="109" count="0" type="stmt"/>
      <line num="110" count="0" type="stmt"/>
      <line num="111" count="0" type="stmt"/>
      <line num="112" count="0" type="stmt"/>
      <line num="113" count="0" type="stmt"/>
      <line num="114" count="0" type="stmt"/>
      <line num="115" count="0" type="stmt"/>
      <line num="116" count="0" type="stmt"/>
      <line num="117" count="0" type="stmt"/>
      <line num="118" count="0" type="stmt"/>
      <line num="119" count="0" type="stmt"/>
      <line num="120" count="0" type="stmt"/>
      <line num="121" count="0" type="stmt"/>
      <line num="122" count="0" type="stmt"/>
      <line num="123" count="0" type="stmt"/>
      <line num="124" count="0" type="stmt"/>
      <line num="125" count="0" type="stmt"/>
      <line num="126" count="0" type="stmt"/>
      <line num="127" count="0" type="stmt"/>
      <line num="128" count="0" type="stmt"/>
      <line num="129" count="0" type="stmt"/>
      <line num="130" count="0" type="stmt"/>
      <line num="131" count="0" type="stmt"/>
      <line num="132" count="0" type="stmt"/>
      <line num="133" count="0" type="stmt"/>
      <line num="134" count="0" type="stmt"/>
      <line num="135" count="0" type="stmt"/>
      <line num="136" count="0" type="stmt"/>
      <line num="137" count="0" type="stmt"/>
      <line num="138" count="0" type="stmt"/>
      <line num="139" count="0" type="stmt"/>
      <line num="140" count="0" type="stmt"/>
      <line num="141" count="0" type="stmt"/>
      <line num="142" count="0" type="stmt"/>
      <line num="143" count="0" type="stmt"/>
      <line num="144" count="0" type="stmt"/>
      <line num="145" count="0" type="stmt"/>
      <line num="146" count="0" type="stmt"/>
      <line num="147" count="0" type="stmt"/>
      <line num="148" count="0" type="stmt"/>
      <line num="149" count="0" type="stmt"/>
      <line num="150" count="0" type="stmt"/>
      <line num="151" count="0" type="stmt"/>
      <line num="152" count="0" type="stmt"/>
      <line num="153" count="0" type="stmt"/>
      <line num="154" count="0" type="stmt"/>
      <line num="155" count="0" type="stmt"/>
      <line num="156" count="0" type="stmt"/>
      <line num="157" count="0" type="stmt"/>
      <line num="158" count="0" type="stmt"/>
      <line num="159" count="0" type="stmt"/>
      <line num="160" count="0" type="stmt"/>
      <line num="161" count="0" type="stmt"/>
      <line num="162" count="0" type="stmt"/>
      <line num="163" count="0" type="stmt"/>
      <line num="164" count="0" type="stmt"/>
      <line num="165" count="0" type="stmt"/>
      <line num="166" count="0" type="stmt"/>
      <line num="167" count="0" type="stmt"/>
      <line num="168" count="0" type="stmt"/>
      <line num="169" count="0" type="stmt"/>
      <line num="170" count="0" type="stmt"/>
      <line num="171" count="0" type="stmt"/>
      <line num="172" count="0" type="stmt"/>
      <line num="173" count="0" type="stmt"/>
      <line num="174" count="0" type="stmt"/>
      <line num="175" count="0" type="stmt"/>
      <line num="176" count="0" type="stmt"/>
      <line num="177" count="0" type="stmt"/>
      <line num="178" count="0" type="stmt"/>
      <line num="179" count="0" type="stmt"/>
      <line num="180" count="0" type="stmt"/>
      <line num="181" count="0" type="stmt"/>
      <line num="182" count="0" type="stmt"/>
      <line num="183" count="0" type="stmt"/>
      <line num="184" count="0" type="stmt"/>
      <line num="185" count="0" type="stmt"/>
      <line num="186" count="0" type="stmt"/>
      <line num="187" count="0" type="stmt"/>
      <line num="188" count="0" type="stmt"/>
      <line num="189" count="0" type="stmt"/>
      <line num="190" count="0" type="stmt"/>
      <line num="191" count="0" type="stmt"/>
      <line num="192" count="0" type="stmt"/>
      <line num="193" count="0" type="stmt"/>
      <line num="194" count="0" type="stmt"/>
      <line num="195" count="0" type="stmt"/>
      <line num="196" count="0" type="stmt"/>
      <line num="197" count="0" type="stmt"/>
      <line num="198" count="0" type="stmt"/>
      <line num="199" count="0" type="stmt"/>
      <line num="200" count="0" type="stmt"/>
      <line num="201" count="0" type="stmt"/>
      <line num="202" count="0" type="stmt"/>
      <line num="203" count="0" type="stmt"/>
      <line num="204" count="0" type="stmt"/>
      <line num="205" count="0" type="stmt"/>
      <line num="206" count="0" type="stmt"/>
      <line num="207" count="0" type="stmt"/>
      <line num="208" count="0" type="stmt"/>
      <line num="209" count="0" type="stmt"/>
      <line num="210" count="0" type="stmt"/>
      <line num="211" count="0" type="stmt"/>
      <line num="212" count="0" type="stmt"/>
      <line num="213" count="0" type="stmt"/>
      <line num="214" count="0" type="stmt"/>
      <line num="215" count="0" type="stmt"/>
      <line num="216" count="0" type="stmt"/>
      <line num="217" count="0" type="stmt"/>
      <line num="218" count="0" type="stmt"/>
      <line num="219" count="0" type="stmt"/>
      <line num="220" count="0" type="stmt"/>
      <line num="221" count="0" type="stmt"/>
      <line num="222" count="0" type="stmt"/>
      <line num="223" count="0" type="stmt"/>
      <line num="224" count="0" type="stmt"/>
      <line num="225" count="0" type="stmt"/>
      <line num="226" count="0" type="stmt"/>
      <line num="227" count="0" type="stmt"/>
      <line num="228" count="0" type="stmt"/>
      <line num="229" count="0" type="stmt"/>
      <line num="230" count="0" type="stmt"/>
      <line num="231" count="0" type="stmt"/>
      <line num="232" count="0" type="stmt"/>
      <line num="233" count="0" type="stmt"/>
      <line num="234" count="8" type="stmt"/>
      <line num="235" count="8" type="stmt"/>
      <line num="236" count="8" type="stmt"/>
      <line num="237" count="0" type="stmt"/>
      <line num="238" count="0" type="stmt"/>
      <line num="239" count="0" type="stmt"/>
      <line num="240" count="0" type="stmt"/>
      <line num="241" count="0" type="stmt"/>
      <line num="242" count="0" type="stmt"/>
      <line num="243" count="0" type="stmt"/>
      <line num="244" count="0" type="stmt"/>
      <line num="245" count="0" type="stmt"/>
      <line num="246" count="0" type="stmt"/>
      <line num="247" count="0" type="stmt"/>
      <line num="248" count="0" type="stmt"/>
      <line num="249" count="0" type="stmt"/>
      <line num="250" count="0" type="stmt"/>
      <line num="251" count="0" type="stmt"/>
      <line num="252" count="0" type="stmt"/>
      <line num="253" count="0" type="stmt"/>
      <line num="254" count="0" type="stmt"/>
      <line num="255" count="0" type="stmt"/>
      <line num="256" count="0" type="stmt"/>
      <line num="257" count="0" type="stmt"/>
      <line num="258" count="0" type="stmt"/>
      <line num="259" count="0" type="stmt"/>
      <line num="260" count="0" type="stmt"/>
      <line num="261" count="0" type="stmt"/>
      <line num="262" count="0" type="stmt"/>
      <line num="263" count="0" type="stmt"/>
      <line num="264" count="0" type="stmt"/>
      <line num="265" count="0" type="stmt"/>
      <line num="266" count="0" type="stmt"/>
      <line num="267" count="0" type="stmt"/>
      <line num="268" count="0" type="stmt"/>
      <line num="269" count="0" type="stmt"/>
      <line num="270" count="0" type="stmt"/>
      <line num="271" count="0" type="stmt"/>
      <line num="272" count="0" type="stmt"/>
      <line num="273" count="0" type="stmt"/>
      <line num="274" count="0" type="stmt"/>
      <line num="275" count="0" type="stmt"/>
      <line num="276" count="0" type="stmt"/>
      <line num="277" count="0" type="stmt"/>
      <line num="278" count="8" type="stmt"/>
      <line num="279" count="8" type="stmt"/>
      <line num="280" count="8" type="stmt"/>
      <line num="281" count="0" type="stmt"/>
      <line num="282" count="0" type="stmt"/>
      <line num="283" count="8" type="stmt"/>
      <line num="284" count="8" type="stmt"/>
      <line num="285" count="8" type="stmt"/>
      <line num="286" count="8" type="stmt"/>
      <line num="287" count="8" type="stmt"/>
      <line num="288" count="8" type="stmt"/>
      <line num="289" count="8" type="stmt"/>
      <line num="290" count="8" type="stmt"/>
      <line num="291" count="8" type="stmt"/>
      <line num="292" count="8" type="stmt"/>
      <line num="293" count="8" type="stmt"/>
      <line num="294" count="8" type="stmt"/>
      <line num="295" count="8" type="stmt"/>
      <line num="296" count="8" type="stmt"/>
      <line num="297" count="8" type="stmt"/>
      <line num="298" count="8" type="stmt"/>
      <line num="299" count="8" type="stmt"/>
      <line num="300" count="8" type="stmt"/>
      <line num="301" count="8" type="stmt"/>
      <line num="302" count="8" type="stmt"/>
      <line num="303" count="8" type="stmt"/>
      <line num="304" count="8" type="stmt"/>
      <line num="305" count="8" type="stmt"/>
      <line num="306" count="8" type="stmt"/>
      <line num="307" count="8" type="stmt"/>
      <line num="308" count="8" type="stmt"/>
      <line num="309" count="8" type="stmt"/>
      <line num="310" count="8" type="stmt"/>
      <line num="311" count="8" type="stmt"/>
      <line num="312" count="8" type="stmt"/>
      <line num="313" count="8" type="stmt"/>
      <line num="314" count="8" type="stmt"/>
      <line num="315" count="8" type="stmt"/>
      <line num="316" count="8" type="stmt"/>
      <line num="317" count="8" type="stmt"/>
      <line num="318" count="8" type="stmt"/>
      <line num="319" count="8" type="stmt"/>
      <line num="320" count="8" type="stmt"/>
      <line num="321" count="8" type="stmt"/>
      <line num="322" count="8" type="stmt"/>
      <line num="323" count="8" type="stmt"/>
      <line num="324" count="8" type="stmt"/>
      <line num="325" count="8" type="stmt"/>
      <line num="326" count="8" type="stmt"/>
      <line num="327" count="8" type="stmt"/>
      <line num="328" count="8" type="stmt"/>
      <line num="329" count="8" type="stmt"/>
      <line num="330" count="8" type="stmt"/>
      <line num="331" count="8" type="stmt"/>
      <line num="332" count="8" type="stmt"/>
      <line num="333" count="8" type="stmt"/>
      <line num="334" count="8" type="stmt"/>
      <line num="335" count="8" type="stmt"/>
      <line num="336" count="8" type="stmt"/>
      <line num="337" count="8" type="stmt"/>
      <line num="338" count="8" type="stmt"/>
      <line num="339" count="8" type="stmt"/>
      <line num="340" count="8" type="stmt"/>
      <line num="341" count="8" type="stmt"/>
      <line num="342" count="8" type="stmt"/>
      <line num="343" count="8" type="stmt"/>
      <line num="344" count="8" type="stmt"/>
      <line num="345" count="8" type="stmt"/>
      <line num="346" count="8" type="stmt"/>
      <line num="347" count="8" type="stmt"/>
      <line num="348" count="8" type="stmt"/>
      <line num="349" count="8" type="stmt"/>
      <line num="350" count="8" type="stmt"/>
      <line num="351" count="8" type="stmt"/>
      <line num="352" count="8" type="stmt"/>
      <line num="353" count="8" type="stmt"/>
      <line num="354" count="8" type="stmt"/>
      <line num="355" count="8" type="stmt"/>
      <line num="356" count="8" type="stmt"/>
      <line num="357" count="8" type="stmt"/>
      <line num="358" count="8" type="stmt"/>
      <line num="359" count="8" type="stmt"/>
      <line num="360" count="8" type="stmt"/>
      <line num="361" count="8" type="stmt"/>
      <line num="362" count="8" type="stmt"/>
      <line num="363" count="8" type="stmt"/>
      <line num="364" count="8" type="stmt"/>
      <line num="365" count="8" type="stmt"/>
      <line num="366" count="8" type="stmt"/>
      <line num="367" count="8" type="stmt"/>
      <line num="368" count="8" type="stmt"/>
      <line num="369" count="8" type="stmt"/>
      <line num="370" count="8" type="stmt"/>
      <line num="371" count="8" type="stmt"/>
      <line num="372" count="8" type="stmt"/>
      <line num="373" count="8" type="stmt"/>
      <line num="374" count="8" type="stmt"/>
      <line num="375" count="8" type="stmt"/>
      <line num="376" count="8" type="stmt"/>
      <line num="377" count="8" type="stmt"/>
      <line num="378" count="8" type="stmt"/>
      <line num="379" count="8" type="stmt"/>
      <line num="380" count="8" type="stmt"/>
      <line num="381" count="8" type="stmt"/>
      <line num="382" count="8" type="stmt"/>
      <line num="383" count="8" type="stmt"/>
      <line num="384" count="8" type="stmt"/>
      <line num="385" count="8" type="stmt"/>
      <line num="386" count="8" type="stmt"/>
      <line num="387" count="8" type="stmt"/>
      <line num="388" count="8" type="stmt"/>
      <line num="389" count="8" type="stmt"/>
      <line num="390" count="8" type="stmt"/>
      <line num="391" count="8" type="stmt"/>
      <line num="392" count="8" type="stmt"/>
      <line num="393" count="8" type="stmt"/>
      <line num="394" count="8" type="stmt"/>
      <line num="395" count="8" type="stmt"/>
      <line num="396" count="8" type="stmt"/>
      <line num="397" count="8" type="stmt"/>
      <line num="398" count="8" type="stmt"/>
      <line num="399" count="8" type="stmt"/>
      <line num="400" count="8" type="stmt"/>
      <line num="401" count="8" type="stmt"/>
      <line num="402" count="8" type="stmt"/>
      <line num="403" count="8" type="stmt"/>
      <line num="404" count="8" type="stmt"/>
      <line num="405" count="8" type="stmt"/>
      <line num="406" count="8" type="stmt"/>
      <line num="407" count="8" type="stmt"/>
      <line num="408" count="8" type="stmt"/>
      <line num="409" count="8" type="stmt"/>
      <line num="410" count="8" type="stmt"/>
      <line num="411" count="8" type="stmt"/>
      <line num="412" count="8" type="stmt"/>
      <line num="413" count="8" type="stmt"/>
      <line num="414" count="8" type="stmt"/>
      <line num="415" count="8" type="stmt"/>
      <line num="416" count="8" type="stmt"/>
      <line num="417" count="8" type="stmt"/>
      <line num="418" count="8" type="stmt"/>
      <line num="419" count="8" type="stmt"/>
      <line num="420" count="8" type="stmt"/>
      <line num="421" count="8" type="stmt"/>
      <line num="422" count="8" type="stmt"/>
      <line num="423" count="8" type="stmt"/>
      <line num="424" count="8" type="stmt"/>
      <line num="425" count="8" type="stmt"/>
      <line num="426" count="8" type="stmt"/>
      <line num="427" count="8" type="stmt"/>
      <line num="428" count="8" type="stmt"/>
      <line num="429" count="8" type="stmt"/>
      <line num="430" count="8" type="stmt"/>
      <line num="431" count="8" type="stmt"/>
      <line num="432" count="8" type="stmt"/>
      <line num="433" count="8" type="stmt"/>
      <line num="434" count="8" type="stmt"/>
      <line num="435" count="8" type="stmt"/>
      <line num="436" count="8" type="stmt"/>
      <line num="437" count="8" type="stmt"/>
      <line num="438" count="8" type="stmt"/>
      <line num="439" count="8" type="stmt"/>
      <line num="440" count="8" type="stmt"/>
      <line num="441" count="8" type="stmt"/>
      <line num="442" count="8" type="stmt"/>
      <line num="443" count="8" type="stmt"/>
      <line num="444" count="8" type="stmt"/>
      <line num="445" count="8" type="stmt"/>
      <line num="446" count="8" type="stmt"/>
      <line num="447" count="8" type="stmt"/>
      <line num="448" count="8" type="stmt"/>
      <line num="449" count="8" type="stmt"/>
      <line num="450" count="8" type="stmt"/>
      <line num="451" count="8" type="stmt"/>
      <line num="452" count="8" type="stmt"/>
      <line num="453" count="8" type="stmt"/>
      <line num="454" count="8" type="stmt"/>
      <line num="455" count="8" type="stmt"/>
      <line num="456" count="8" type="stmt"/>
      <line num="457" count="8" type="stmt"/>
      <line num="458" count="8" type="stmt"/>
      <line num="459" count="8" type="cond" truecount="1" falsecount="0"/>
      <line num="460" count="8" type="stmt"/>
      <line num="461" count="8" type="stmt"/>
      <line num="462" count="8" type="stmt"/>
      <line num="463" count="8" type="stmt"/>
      <line num="464" count="8" type="stmt"/>
      <line num="465" count="8" type="stmt"/>
      <line num="466" count="8" type="stmt"/>
      <line num="467" count="8" type="stmt"/>
      <line num="468" count="8" type="stmt"/>
      <line num="469" count="8" type="stmt"/>
      <line num="470" count="8" type="stmt"/>
      <line num="471" count="8" type="stmt"/>
      <line num="472" count="8" type="stmt"/>
      <line num="473" count="8" type="stmt"/>
      <line num="474" count="8" type="stmt"/>
      <line num="475" count="8" type="stmt"/>
      <line num="476" count="8" type="stmt"/>
      <line num="477" count="8" type="stmt"/>
      <line num="478" count="8" type="stmt"/>
      <line num="479" count="8" type="stmt"/>
      <line num="480" count="8" type="stmt"/>
      <line num="481" count="8" type="stmt"/>
      <line num="482" count="8" type="stmt"/>
      <line num="483" count="8" type="stmt"/>
      <line num="484" count="8" type="stmt"/>
      <line num="485" count="8" type="stmt"/>
      <line num="486" count="8" type="stmt"/>
      <line num="487" count="8" type="stmt"/>
      <line num="488" count="8" type="stmt"/>
      <line num="489" count="8" type="stmt"/>
      <line num="490" count="8" type="stmt"/>
      <line num="491" count="8" type="stmt"/>
      <line num="492" count="8" type="stmt"/>
      <line num="493" count="8" type="stmt"/>
      <line num="494" count="8" type="stmt"/>
      <line num="495" count="8" type="cond" truecount="0" falsecount="1"/>
      <line num="496" count="8" type="stmt"/>
      <line num="497" count="8" type="stmt"/>
      <line num="498" count="8" type="stmt"/>
      <line num="499" count="8" type="stmt"/>
      <line num="500" count="8" type="stmt"/>
      <line num="501" count="8" type="stmt"/>
      <line num="502" count="8" type="stmt"/>
      <line num="503" count="8" type="stmt"/>
      <line num="504" count="8" type="stmt"/>
      <line num="505" count="8" type="stmt"/>
      <line num="506" count="8" type="stmt"/>
      <line num="507" count="8" type="stmt"/>
      <line num="508" count="8" type="stmt"/>
      <line num="509" count="8" type="stmt"/>
      <line num="510" count="8" type="stmt"/>
      <line num="511" count="8" type="stmt"/>
      <line num="512" count="8" type="stmt"/>
      <line num="513" count="8" type="stmt"/>
      <line num="514" count="8" type="stmt"/>
      <line num="515" count="0" type="stmt"/>
      <line num="516" count="0" type="stmt"/>
      <line num="517" count="8" type="stmt"/>
      <line num="518" count="8" type="stmt"/>
      <line num="519" count="8" type="stmt"/>
      <line num="520" count="8" type="stmt"/>
      <line num="521" count="8" type="stmt"/>
      <line num="522" count="8" type="stmt"/>
      <line num="523" count="8" type="stmt"/>
      <line num="524" count="8" type="stmt"/>
      <line num="525" count="8" type="stmt"/>
      <line num="526" count="8" type="stmt"/>
      <line num="527" count="8" type="stmt"/>
      <line num="528" count="8" type="stmt"/>
      <line num="529" count="8" type="stmt"/>
      <line num="530" count="8" type="stmt"/>
      <line num="531" count="8" type="stmt"/>
      <line num="532" count="8" type="stmt"/>
      <line num="533" count="8" type="stmt"/>
      <line num="534" count="8" type="stmt"/>
      <line num="535" count="8" type="stmt"/>
      <line num="536" count="8" type="stmt"/>
      <line num="537" count="8" type="stmt"/>
      <line num="538" count="8" type="stmt"/>
      <line num="539" count="8" type="stmt"/>
      <line num="540" count="8" type="stmt"/>
      <line num="541" count="8" type="stmt"/>
      <line num="542" count="8" type="stmt"/>
      <line num="543" count="8" type="stmt"/>
      <line num="544" count="8" type="stmt"/>
      <line num="545" count="8" type="stmt"/>
      <line num="546" count="8" type="stmt"/>
      <line num="547" count="8" type="stmt"/>
      <line num="548" count="8" type="stmt"/>
      <line num="549" count="8" type="stmt"/>
      <line num="550" count="8" type="stmt"/>
      <line num="551" count="8" type="stmt"/>
      <line num="552" count="8" type="stmt"/>
      <line num="553" count="8" type="stmt"/>
      <line num="554" count="8" type="stmt"/>
      <line num="555" count="1" type="stmt"/>
      <line num="556" count="1" type="stmt"/>
    </file>
  </project>
</coverage>
